# JRE version: OpenJDK Runtime Environment Temurin-11.0.12+7 (11.0.12+7) (build 11.0.12+7)
# Java VM: OpenJDK 64-Bit Server VM Temurin-11.0.12+7 (11.0.12+7, mixed mode, tiered, compressed oops, parallel gc, windows-amd64)
Heap:
 PSYoungGen      total 24064K, used 194K [0x00000000eab00000, 0x00000000ec480000, 0x0000000100000000)
  eden space 22016K, 0% used [0x00000000eab00000,0x00000000eab30a28,0x00000000ec080000)
  from space 2048K, 0% used [0x00000000ec100000,0x00000000ec100000,0x00000000ec300000)
  to   space 1024K, 0% used [0x00000000ec380000,0x00000000ec380000,0x00000000ec480000)
 ParOldGen       total 68608K, used 24639K [0x00000000c0000000, 0x00000000c4300000, 0x00000000eab00000)
  object space 68608K, 35% used [0x00000000c0000000,0x00000000c180fdc8,0x00000000c4300000)
 Metaspace       used 33352K, capacity 35312K, committed 35672K, reserved 1081344K
  class space    used 3161K, capacity 3882K, committed 3968K, reserved 1048576K
GC Heap History (20 events):
Event: 7.165 GC heap before
{Heap before GC invocations=8 (full 1):
 PSYoungGen      total 26624K, used 26615K [0x00000000eab00000, 0x00000000eca00000, 0x0000000100000000)
  eden space 24064K, 100% used [0x00000000eab00000,0x00000000ec280000,0x00000000ec280000)
  from space 2560K, 99% used [0x00000000ec600000,0x00000000ec87df38,0x00000000ec880000)
  to   space 3584K, 0% used [0x00000000ec280000,0x00000000ec280000,0x00000000ec600000)
 ParOldGen       total 68608K, used 6316K [0x00000000c0000000, 0x00000000c4300000, 0x00000000eab00000)
  object space 68608K, 9% used [0x00000000c0000000,0x00000000c062b220,0x00000000c4300000)
 Metaspace       used 30615K, capacity 32502K, committed 32640K, reserved 1079296K
  class space    used 2939K, capacity 3671K, committed 3712K, reserved 1048576K
}
Event: 7.171 GC heap after
{Heap after GC invocations=8 (full 1):
 PSYoungGen      total 27136K, used 3554K [0x00000000eab00000, 0x00000000ecb00000, 0x0000000100000000)
  eden space 23552K, 0% used [0x00000000eab00000,0x00000000eab00000,0x00000000ec200000)
  from space 3584K, 99% used [0x00000000ec280000,0x00000000ec5f89b0,0x00000000ec600000)
  to   space 4608K, 0% used [0x00000000ec680000,0x00000000ec680000,0x00000000ecb00000)
 ParOldGen       total 68608K, used 6980K [0x00000000c0000000, 0x00000000c4300000, 0x00000000eab00000)
  object space 68608K, 10% used [0x00000000c0000000,0x00000000c06d1250,0x00000000c4300000)
 Metaspace       used 30615K, capacity 32502K, committed 32640K, reserved 1079296K
  class space    used 2939K, capacity 3671K, committed 3712K, reserved 1048576K
}
Event: 7.394 GC heap before
{Heap before GC invocations=9 (full 1):
 PSYoungGen      total 27136K, used 27106K [0x00000000eab00000, 0x00000000ecb00000, 0x0000000100000000)
  eden space 23552K, 100% used [0x00000000eab00000,0x00000000ec200000,0x00000000ec200000)
  from space 3584K, 99% used [0x00000000ec280000,0x00000000ec5f89b0,0x00000000ec600000)
  to   space 4608K, 0% used [0x00000000ec680000,0x00000000ec680000,0x00000000ecb00000)
 ParOldGen       total 68608K, used 6980K [0x00000000c0000000, 0x00000000c4300000, 0x00000000eab00000)
  object space 68608K, 10% used [0x00000000c0000000,0x00000000c06d1250,0x00000000c4300000)
 Metaspace       used 31100K, capacity 33076K, committed 33280K, reserved 1079296K
  class space    used 3002K, capacity 3713K, committed 3840K, reserved 1048576K
}
Event: 7.407 GC heap after
{Heap after GC invocations=9 (full 1):
 PSYoungGen      total 26624K, used 4586K [0x00000000eab00000, 0x00000000ecd80000, 0x0000000100000000)
  eden space 22016K, 0% used [0x00000000eab00000,0x00000000eab00000,0x00000000ec080000)
  from space 4608K, 99% used [0x00000000ec680000,0x00000000ecafa8a0,0x00000000ecb00000)
  to   space 6144K, 0% used [0x00000000ec080000,0x00000000ec080000,0x00000000ec680000)
 ParOldGen       total 68608K, used 7972K [0x00000000c0000000, 0x00000000c4300000, 0x00000000eab00000)
  object space 68608K, 11% used [0x00000000c0000000,0x00000000c07c9280,0x00000000c4300000)
 Metaspace       used 31100K, capacity 33076K, committed 33280K, reserved 1079296K
  class space    used 3002K, capacity 3713K, committed 3840K, reserved 1048576K
}
Event: 7.564 GC heap before
{Heap before GC invocations=10 (full 1):
 PSYoungGen      total 26624K, used 26602K [0x00000000eab00000, 0x00000000ecd80000, 0x0000000100000000)
  eden space 22016K, 100% used [0x00000000eab00000,0x00000000ec080000,0x00000000ec080000)
  from space 4608K, 99% used [0x00000000ec680000,0x00000000ecafa8a0,0x00000000ecb00000)
  to   space 6144K, 0% used [0x00000000ec080000,0x00000000ec080000,0x00000000ec680000)
 ParOldGen       total 68608K, used 7972K [0x00000000c0000000, 0x00000000c4300000, 0x00000000eab00000)
  object space 68608K, 11% used [0x00000000c0000000,0x00000000c07c9280,0x00000000c4300000)
 Metaspace       used 31136K, capacity 33076K, committed 33280K, reserved 1079296K
  class space    used 3002K, capacity 3713K, committed 3840K, reserved 1048576K
}
Event: 7.576 GC heap after
{Heap after GC invocations=10 (full 1):
 PSYoungGen      total 27136K, used 4859K [0x00000000eab00000, 0x00000000eca80000, 0x0000000100000000)
  eden space 22016K, 0% used [0x00000000eab00000,0x00000000eab00000,0x00000000ec080000)
  from space 5120K, 94% used [0x00000000ec080000,0x00000000ec53ed30,0x00000000ec580000)
  to   space 5120K, 0% used [0x00000000ec580000,0x00000000ec580000,0x00000000eca80000)
 ParOldGen       total 68608K, used 9697K [0x00000000c0000000, 0x00000000c4300000, 0x00000000eab00000)
  object space 68608K, 14% used [0x00000000c0000000,0x00000000c09784e8,0x00000000c4300000)
 Metaspace       used 31136K, capacity 33076K, committed 33280K, reserved 1079296K
  class space    used 3002K, capacity 3713K, committed 3840K, reserved 1048576K
}
Event: 7.745 GC heap before
{Heap before GC invocations=11 (full 1):
 PSYoungGen      total 27136K, used 26875K [0x00000000eab00000, 0x00000000eca80000, 0x0000000100000000)
  eden space 22016K, 100% used [0x00000000eab00000,0x00000000ec080000,0x00000000ec080000)
  from space 5120K, 94% used [0x00000000ec080000,0x00000000ec53ed30,0x00000000ec580000)
  to   space 5120K, 0% used [0x00000000ec580000,0x00000000ec580000,0x00000000eca80000)
 ParOldGen       total 68608K, used 9697K [0x00000000c0000000, 0x00000000c4300000, 0x00000000eab00000)
  object space 68608K, 14% used [0x00000000c0000000,0x00000000c09784e8,0x00000000c4300000)
 Metaspace       used 31316K, capacity 33268K, committed 33536K, reserved 1079296K
  class space    used 3014K, capacity 3713K, committed 3840K, reserved 1048576K
}
Event: 7.756 GC heap after
{Heap after GC invocations=11 (full 1):
 PSYoungGen      total 27136K, used 4562K [0x00000000eab00000, 0x00000000eca80000, 0x0000000100000000)
  eden space 22016K, 0% used [0x00000000eab00000,0x00000000eab00000,0x00000000ec080000)
  from space 5120K, 89% used [0x00000000ec580000,0x00000000ec9f4b38,0x00000000eca80000)
  to   space 5120K, 0% used [0x00000000ec080000,0x00000000ec080000,0x00000000ec580000)
 ParOldGen       total 68608K, used 12518K [0x00000000c0000000, 0x00000000c4300000, 0x00000000eab00000)
  object space 68608K, 18% used [0x00000000c0000000,0x00000000c0c39990,0x00000000c4300000)
 Metaspace       used 31316K, capacity 33268K, committed 33536K, reserved 1079296K
  class space    used 3014K, capacity 3713K, committed 3840K, reserved 1048576K
}
Event: 7.844 GC heap before
{Heap before GC invocations=12 (full 1):
 PSYoungGen      total 27136K, used 26578K [0x00000000eab00000, 0x00000000eca80000, 0x0000000100000000)
  eden space 22016K, 100% used [0x00000000eab00000,0x00000000ec080000,0x00000000ec080000)
  from space 5120K, 89% used [0x00000000ec580000,0x00000000ec9f4b38,0x00000000eca80000)
  to   space 5120K, 0% used [0x00000000ec080000,0x00000000ec080000,0x00000000ec580000)
 ParOldGen       total 68608K, used 12518K [0x00000000c0000000, 0x00000000c4300000, 0x00000000eab00000)
  object space 68608K, 18% used [0x00000000c0000000,0x00000000c0c39990,0x00000000c4300000)
 Metaspace       used 31316K, capacity 33268K, committed 33536K, reserved 1079296K
  class space    used 3014K, capacity 3713K, committed 3840K, reserved 1048576K
}
Event: 7.852 GC heap after
{Heap after GC invocations=12 (full 1):
 PSYoungGen      total 24576K, used 2208K [0x00000000eab00000, 0x00000000ec780000, 0x0000000100000000)
  eden space 22016K, 0% used [0x00000000eab00000,0x00000000eab00000,0x00000000ec080000)
  from space 2560K, 86% used [0x00000000ec080000,0x00000000ec2a8000,0x00000000ec300000)
  to   space 3584K, 0% used [0x00000000ec400000,0x00000000ec400000,0x00000000ec780000)
 ParOldGen       total 68608K, used 16999K [0x00000000c0000000, 0x00000000c4300000, 0x00000000eab00000)
  object space 68608K, 24% used [0x00000000c0000000,0x00000000c1099f38,0x00000000c4300000)
 Metaspace       used 31316K, capacity 33268K, committed 33536K, reserved 1079296K
  class space    used 3014K, capacity 3713K, committed 3840K, reserved 1048576K
}
Event: 7.949 GC heap before
{Heap before GC invocations=13 (full 1):
 PSYoungGen      total 24576K, used 24224K [0x00000000eab00000, 0x00000000ec780000, 0x0000000100000000)
  eden space 22016K, 100% used [0x00000000eab00000,0x00000000ec080000,0x00000000ec080000)
  from space 2560K, 86% used [0x00000000ec080000,0x00000000ec2a8000,0x00000000ec300000)
  to   space 3584K, 0% used [0x00000000ec400000,0x00000000ec400000,0x00000000ec780000)
 ParOldGen       total 68608K, used 16999K [0x00000000c0000000, 0x00000000c4300000, 0x00000000eab00000)
  object space 68608K, 24% used [0x00000000c0000000,0x00000000c1099f38,0x00000000c4300000)
 Metaspace       used 31316K, capacity 33268K, committed 33536K, reserved 1079296K
  class space    used 3014K, capacity 3713K, committed 3840K, reserved 1048576K
}
Event: 7.957 GC heap after
{Heap after GC invocations=13 (full 1):
 PSYoungGen      total 25088K, used 2624K [0x00000000eab00000, 0x00000000ec700000, 0x0000000100000000)
  eden space 22016K, 0% used [0x00000000eab00000,0x00000000eab00000,0x00000000ec080000)
  from space 3072K, 85% used [0x00000000ec400000,0x00000000ec690010,0x00000000ec700000)
  to   space 3072K, 0% used [0x00000000ec100000,0x00000000ec100000,0x00000000ec400000)
 ParOldGen       total 68608K, used 19119K [0x00000000c0000000, 0x00000000c4300000, 0x00000000eab00000)
  object space 68608K, 27% used [0x00000000c0000000,0x00000000c12abf38,0x00000000c4300000)
 Metaspace       used 31316K, capacity 33268K, committed 33536K, reserved 1079296K
  class space    used 3014K, capacity 3713K, committed 3840K, reserved 1048576K
}
Event: 8.135 GC heap before
{Heap before GC invocations=14 (full 1):
 PSYoungGen      total 25088K, used 24639K [0x00000000eab00000, 0x00000000ec700000, 0x0000000100000000)
  eden space 22016K, 99% used [0x00000000eab00000,0x00000000ec07fc90,0x00000000ec080000)
  from space 3072K, 85% used [0x00000000ec400000,0x00000000ec690010,0x00000000ec700000)
  to   space 3072K, 0% used [0x00000000ec100000,0x00000000ec100000,0x00000000ec400000)
 ParOldGen       total 68608K, used 19119K [0x00000000c0000000, 0x00000000c4300000, 0x00000000eab00000)
  object space 68608K, 27% used [0x00000000c0000000,0x00000000c12abf38,0x00000000c4300000)
 Metaspace       used 31422K, capacity 33407K, committed 33536K, reserved 1079296K
  class space    used 3025K, capacity 3780K, committed 3840K, reserved 1048576K
}
Event: 8.146 GC heap after
{Heap after GC invocations=14 (full 1):
 PSYoungGen      total 25088K, used 2816K [0x00000000eab00000, 0x00000000ec680000, 0x0000000100000000)
  eden space 22016K, 0% used [0x00000000eab00000,0x00000000eab00000,0x00000000ec080000)
  from space 3072K, 91% used [0x00000000ec100000,0x00000000ec3c0000,0x00000000ec400000)
  to   space 2560K, 0% used [0x00000000ec400000,0x00000000ec400000,0x00000000ec680000)
 ParOldGen       total 68608K, used 21615K [0x00000000c0000000, 0x00000000c4300000, 0x00000000eab00000)
  object space 68608K, 31% used [0x00000000c0000000,0x00000000c151bf48,0x00000000c4300000)
 Metaspace       used 31422K, capacity 33407K, committed 33536K, reserved 1079296K
  class space    used 3025K, capacity 3780K, committed 3840K, reserved 1048576K
}
Event: 8.634 GC heap before
{Heap before GC invocations=15 (full 1):
 PSYoungGen      total 25088K, used 24832K [0x00000000eab00000, 0x00000000ec680000, 0x0000000100000000)
  eden space 22016K, 100% used [0x00000000eab00000,0x00000000ec080000,0x00000000ec080000)
  from space 3072K, 91% used [0x00000000ec100000,0x00000000ec3c0000,0x00000000ec400000)
  to   space 2560K, 0% used [0x00000000ec400000,0x00000000ec400000,0x00000000ec680000)
 ParOldGen       total 68608K, used 21615K [0x00000000c0000000, 0x00000000c4300000, 0x00000000eab00000)
  object space 68608K, 31% used [0x00000000c0000000,0x00000000c151bf48,0x00000000c4300000)
 Metaspace       used 33173K, capacity 35120K, committed 35416K, reserved 1081344K
  class space    used 3152K, capacity 3882K, committed 3968K, reserved 1048576K
}
Event: 8.641 GC heap after
{Heap after GC invocations=15 (full 1):
 PSYoungGen      total 23040K, used 947K [0x00000000eab00000, 0x00000000ec500000, 0x0000000100000000)
  eden space 22016K, 0% used [0x00000000eab00000,0x00000000eab00000,0x00000000ec080000)
  from space 1024K, 92% used [0x00000000ec400000,0x00000000ec4ecf00,0x00000000ec500000)
  to   space 2048K, 0% used [0x00000000ec100000,0x00000000ec100000,0x00000000ec300000)
 ParOldGen       total 68608K, used 24388K [0x00000000c0000000, 0x00000000c4300000, 0x00000000eab00000)
  object space 68608K, 35% used [0x00000000c0000000,0x00000000c17d12a0,0x00000000c4300000)
 Metaspace       used 33173K, capacity 35120K, committed 35416K, reserved 1081344K
  class space    used 3152K, capacity 3882K, committed 3968K, reserved 1048576K
}
Event: 8.657 GC heap before
{Heap before GC invocations=16 (full 1):
 PSYoungGen      total 23040K, used 1613K [0x00000000eab00000, 0x00000000ec500000, 0x0000000100000000)
  eden space 22016K, 3% used [0x00000000eab00000,0x00000000eaba6540,0x00000000ec080000)
  from space 1024K, 92% used [0x00000000ec400000,0x00000000ec4ecf00,0x00000000ec500000)
  to   space 2048K, 0% used [0x00000000ec100000,0x00000000ec100000,0x00000000ec300000)
 ParOldGen       total 68608K, used 24388K [0x00000000c0000000, 0x00000000c4300000, 0x00000000eab00000)
  object space 68608K, 35% used [0x00000000c0000000,0x00000000c17d12a0,0x00000000c4300000)
 Metaspace       used 33334K, capacity 35248K, committed 35416K, reserved 1081344K
  class space    used 3161K, capacity 3882K, committed 3968K, reserved 1048576K
}
Event: 8.662 GC heap after
{Heap after GC invocations=16 (full 1):
 PSYoungGen      total 24064K, used 96K [0x00000000eab00000, 0x00000000ec480000, 0x0000000100000000)
  eden space 22016K, 0% used [0x00000000eab00000,0x00000000eab00000,0x00000000ec080000)
  from space 2048K, 4% used [0x00000000ec100000,0x00000000ec118000,0x00000000ec300000)
  to   space 1024K, 0% used [0x00000000ec380000,0x00000000ec380000,0x00000000ec480000)
 ParOldGen       total 68608K, used 25262K [0x00000000c0000000, 0x00000000c4300000, 0x00000000eab00000)
  object space 68608K, 36% used [0x00000000c0000000,0x00000000c18ab8c0,0x00000000c4300000)
 Metaspace       used 33334K, capacity 35248K, committed 35416K, reserved 1081344K
  class space    used 3161K, capacity 3882K, committed 3968K, reserved 1048576K
}
Event: 8.663 GC heap before
{Heap before GC invocations=17 (full 2):
 PSYoungGen      total 24064K, used 96K [0x00000000eab00000, 0x00000000ec480000, 0x0000000100000000)
  eden space 22016K, 0% used [0x00000000eab00000,0x00000000eab00000,0x00000000ec080000)
  from space 2048K, 4% used [0x00000000ec100000,0x00000000ec118000,0x00000000ec300000)
  to   space 1024K, 0% used [0x00000000ec380000,0x00000000ec380000,0x00000000ec480000)
 ParOldGen       total 68608K, used 25262K [0x00000000c0000000, 0x00000000c4300000, 0x00000000eab00000)
  object space 68608K, 36% used [0x00000000c0000000,0x00000000c18ab8c0,0x00000000c4300000)
 Metaspace       used 33334K, capacity 35248K, committed 35416K, reserved 1081344K
  class space    used 3161K, capacity 3882K, committed 3968K, reserved 1048576K
}
Event: 9.063 GC heap after
{Heap after GC invocations=17 (full 2):
 PSYoungGen      total 24064K, used 0K [0x00000000eab00000, 0x00000000ec480000, 0x0000000100000000)
  eden space 22016K, 0% used [0x00000000eab00000,0x00000000eab00000,0x00000000ec080000)
  from space 2048K, 0% used [0x00000000ec100000,0x00000000ec100000,0x00000000ec300000)
  to   space 1024K, 0% used [0x00000000ec380000,0x00000000ec380000,0x00000000ec480000)
 ParOldGen       total 68608K, used 24639K [0x00000000c0000000, 0x00000000c4300000, 0x00000000eab00000)
  object space 68608K, 35% used [0x00000000c0000000,0x00000000c180fdc8,0x00000000c4300000)
 Metaspace       used 33334K, capacity 35248K, committed 35416K, reserved 1081344K
  class space    used 3161K, capacity 3882K, committed 3968K, reserved 1048576K
}

