# JRE version: OpenJDK Runtime Environment Temurin-11.0.12+7 (11.0.12+7) (build 11.0.12+7)
# Java VM: OpenJDK 64-Bit Server VM Temurin-11.0.12+7 (11.0.12+7, mixed mode, tiered, compressed oops, parallel gc, windows-amd64)
Heap:
 PSYoungGen      total 24064K, used 288K [0x00000000eab00000, 0x00000000ec400000, 0x0000000100000000)
  eden space 22016K, 1% used [0x00000000eab00000,0x00000000eab482c0,0x00000000ec080000)
  from space 2048K, 0% used [0x00000000ec080000,0x00000000ec080000,0x00000000ec280000)
  to   space 1024K, 0% used [0x00000000ec300000,0x00000000ec300000,0x00000000ec400000)
 ParOldGen       total 68608K, used 24649K [0x00000000c0000000, 0x00000000c4300000, 0x00000000eab00000)
  object space 68608K, 35% used [0x00000000c0000000,0x00000000c18126e0,0x00000000c4300000)
 Metaspace       used 33566K, capacity 35504K, committed 35672K, reserved 1081344K
  class space    used 3167K, capacity 3882K, committed 3968K, reserved 1048576K
GC Heap History (20 events):
Event: 4.268 GC heap before
{Heap before GC invocations=8 (full 1):
 PSYoungGen      total 26624K, used 26604K [0x00000000eab00000, 0x00000000eca00000, 0x0000000100000000)
  eden space 24064K, 99% used [0x00000000eab00000,0x00000000ec27bbb0,0x00000000ec280000)
  from space 2560K, 99% used [0x00000000ec600000,0x00000000ec87f718,0x00000000ec880000)
  to   space 3584K, 0% used [0x00000000ec280000,0x00000000ec280000,0x00000000ec600000)
 ParOldGen       total 68608K, used 6343K [0x00000000c0000000, 0x00000000c4300000, 0x00000000eab00000)
  object space 68608K, 9% used [0x00000000c0000000,0x00000000c0631d10,0x00000000c4300000)
 Metaspace       used 30590K, capacity 32566K, committed 32640K, reserved 1079296K
  class space    used 2944K, capacity 3671K, committed 3712K, reserved 1048576K
}
Event: 4.275 GC heap after
{Heap after GC invocations=8 (full 1):
 PSYoungGen      total 27136K, used 3576K [0x00000000eab00000, 0x00000000ecb00000, 0x0000000100000000)
  eden space 23552K, 0% used [0x00000000eab00000,0x00000000eab00000,0x00000000ec200000)
  from space 3584K, 99% used [0x00000000ec280000,0x00000000ec5fe030,0x00000000ec600000)
  to   space 4608K, 0% used [0x00000000ec680000,0x00000000ec680000,0x00000000ecb00000)
 ParOldGen       total 68608K, used 6910K [0x00000000c0000000, 0x00000000c4300000, 0x00000000eab00000)
  object space 68608K, 10% used [0x00000000c0000000,0x00000000c06bf930,0x00000000c4300000)
 Metaspace       used 30590K, capacity 32566K, committed 32640K, reserved 1079296K
  class space    used 2944K, capacity 3671K, committed 3712K, reserved 1048576K
}
Event: 4.414 GC heap before
{Heap before GC invocations=9 (full 1):
 PSYoungGen      total 27136K, used 27128K [0x00000000eab00000, 0x00000000ecb00000, 0x0000000100000000)
  eden space 23552K, 100% used [0x00000000eab00000,0x00000000ec200000,0x00000000ec200000)
  from space 3584K, 99% used [0x00000000ec280000,0x00000000ec5fe030,0x00000000ec600000)
  to   space 4608K, 0% used [0x00000000ec680000,0x00000000ec680000,0x00000000ecb00000)
 ParOldGen       total 68608K, used 6910K [0x00000000c0000000, 0x00000000c4300000, 0x00000000eab00000)
  object space 68608K, 10% used [0x00000000c0000000,0x00000000c06bf930,0x00000000c4300000)
 Metaspace       used 31071K, capacity 33012K, committed 33280K, reserved 1079296K
  class space    used 3007K, capacity 3713K, committed 3840K, reserved 1048576K
}
Event: 4.427 GC heap after
{Heap after GC invocations=9 (full 1):
 PSYoungGen      total 26624K, used 4585K [0x00000000eab00000, 0x00000000ecd80000, 0x0000000100000000)
  eden space 22016K, 0% used [0x00000000eab00000,0x00000000eab00000,0x00000000ec080000)
  from space 4608K, 99% used [0x00000000ec680000,0x00000000ecafa6c8,0x00000000ecb00000)
  to   space 6144K, 0% used [0x00000000ec080000,0x00000000ec080000,0x00000000ec680000)
 ParOldGen       total 68608K, used 7950K [0x00000000c0000000, 0x00000000c4300000, 0x00000000eab00000)
  object space 68608K, 11% used [0x00000000c0000000,0x00000000c07c3970,0x00000000c4300000)
 Metaspace       used 31071K, capacity 33012K, committed 33280K, reserved 1079296K
  class space    used 3007K, capacity 3713K, committed 3840K, reserved 1048576K
}
Event: 4.515 GC heap before
{Heap before GC invocations=10 (full 1):
 PSYoungGen      total 26624K, used 26601K [0x00000000eab00000, 0x00000000ecd80000, 0x0000000100000000)
  eden space 22016K, 100% used [0x00000000eab00000,0x00000000ec080000,0x00000000ec080000)
  from space 4608K, 99% used [0x00000000ec680000,0x00000000ecafa6c8,0x00000000ecb00000)
  to   space 6144K, 0% used [0x00000000ec080000,0x00000000ec080000,0x00000000ec680000)
 ParOldGen       total 68608K, used 7950K [0x00000000c0000000, 0x00000000c4300000, 0x00000000eab00000)
  object space 68608K, 11% used [0x00000000c0000000,0x00000000c07c3970,0x00000000c4300000)
 Metaspace       used 31102K, capacity 33012K, committed 33280K, reserved 1079296K
  class space    used 3007K, capacity 3713K, committed 3840K, reserved 1048576K
}
Event: 4.525 GC heap after
{Heap after GC invocations=10 (full 1):
 PSYoungGen      total 27648K, used 5134K [0x00000000eab00000, 0x00000000ecb80000, 0x0000000100000000)
  eden space 22016K, 0% used [0x00000000eab00000,0x00000000eab00000,0x00000000ec080000)
  from space 5632K, 91% used [0x00000000ec080000,0x00000000ec583be0,0x00000000ec600000)
  to   space 5632K, 0% used [0x00000000ec600000,0x00000000ec600000,0x00000000ecb80000)
 ParOldGen       total 68608K, used 9404K [0x00000000c0000000, 0x00000000c4300000, 0x00000000eab00000)
  object space 68608K, 13% used [0x00000000c0000000,0x00000000c092f308,0x00000000c4300000)
 Metaspace       used 31102K, capacity 33012K, committed 33280K, reserved 1079296K
  class space    used 3007K, capacity 3713K, committed 3840K, reserved 1048576K
}
Event: 4.592 GC heap before
{Heap before GC invocations=11 (full 1):
 PSYoungGen      total 27648K, used 27150K [0x00000000eab00000, 0x00000000ecb80000, 0x0000000100000000)
  eden space 22016K, 100% used [0x00000000eab00000,0x00000000ec080000,0x00000000ec080000)
  from space 5632K, 91% used [0x00000000ec080000,0x00000000ec583be0,0x00000000ec600000)
  to   space 5632K, 0% used [0x00000000ec600000,0x00000000ec600000,0x00000000ecb80000)
 ParOldGen       total 68608K, used 9404K [0x00000000c0000000, 0x00000000c4300000, 0x00000000eab00000)
  object space 68608K, 13% used [0x00000000c0000000,0x00000000c092f308,0x00000000c4300000)
 Metaspace       used 31294K, capacity 33204K, committed 33536K, reserved 1079296K
  class space    used 3019K, capacity 3713K, committed 3840K, reserved 1048576K
}
Event: 4.598 GC heap after
{Heap after GC invocations=11 (full 1):
 PSYoungGen      total 26624K, used 4498K [0x00000000eab00000, 0x00000000eca80000, 0x0000000100000000)
  eden space 22016K, 0% used [0x00000000eab00000,0x00000000eab00000,0x00000000ec080000)
  from space 4608K, 97% used [0x00000000ec600000,0x00000000eca64b38,0x00000000eca80000)
  to   space 5120K, 0% used [0x00000000ec080000,0x00000000ec080000,0x00000000ec580000)
 ParOldGen       total 68608K, used 12502K [0x00000000c0000000, 0x00000000c4300000, 0x00000000eab00000)
  object space 68608K, 18% used [0x00000000c0000000,0x00000000c0c35b18,0x00000000c4300000)
 Metaspace       used 31294K, capacity 33204K, committed 33536K, reserved 1079296K
  class space    used 3019K, capacity 3713K, committed 3840K, reserved 1048576K
}
Event: 4.637 GC heap before
{Heap before GC invocations=12 (full 1):
 PSYoungGen      total 26624K, used 26514K [0x00000000eab00000, 0x00000000eca80000, 0x0000000100000000)
  eden space 22016K, 100% used [0x00000000eab00000,0x00000000ec080000,0x00000000ec080000)
  from space 4608K, 97% used [0x00000000ec600000,0x00000000eca64b38,0x00000000eca80000)
  to   space 5120K, 0% used [0x00000000ec080000,0x00000000ec080000,0x00000000ec580000)
 ParOldGen       total 68608K, used 12502K [0x00000000c0000000, 0x00000000c4300000, 0x00000000eab00000)
  object space 68608K, 18% used [0x00000000c0000000,0x00000000c0c35b18,0x00000000c4300000)
 Metaspace       used 31294K, capacity 33204K, committed 33536K, reserved 1079296K
  class space    used 3019K, capacity 3713K, committed 3840K, reserved 1048576K
}
Event: 4.645 GC heap after
{Heap after GC invocations=12 (full 1):
 PSYoungGen      total 24576K, used 2208K [0x00000000eab00000, 0x00000000ec780000, 0x0000000100000000)
  eden space 22016K, 0% used [0x00000000eab00000,0x00000000eab00000,0x00000000ec080000)
  from space 2560K, 86% used [0x00000000ec080000,0x00000000ec2a8000,0x00000000ec300000)
  to   space 3584K, 0% used [0x00000000ec400000,0x00000000ec400000,0x00000000ec780000)
 ParOldGen       total 68608K, used 16975K [0x00000000c0000000, 0x00000000c4300000, 0x00000000eab00000)
  object space 68608K, 24% used [0x00000000c0000000,0x00000000c1093ec8,0x00000000c4300000)
 Metaspace       used 31294K, capacity 33204K, committed 33536K, reserved 1079296K
  class space    used 3019K, capacity 3713K, committed 3840K, reserved 1048576K
}
Event: 4.692 GC heap before
{Heap before GC invocations=13 (full 1):
 PSYoungGen      total 24576K, used 24224K [0x00000000eab00000, 0x00000000ec780000, 0x0000000100000000)
  eden space 22016K, 100% used [0x00000000eab00000,0x00000000ec080000,0x00000000ec080000)
  from space 2560K, 86% used [0x00000000ec080000,0x00000000ec2a8000,0x00000000ec300000)
  to   space 3584K, 0% used [0x00000000ec400000,0x00000000ec400000,0x00000000ec780000)
 ParOldGen       total 68608K, used 16975K [0x00000000c0000000, 0x00000000c4300000, 0x00000000eab00000)
  object space 68608K, 24% used [0x00000000c0000000,0x00000000c1093ec8,0x00000000c4300000)
 Metaspace       used 31294K, capacity 33204K, committed 33536K, reserved 1079296K
  class space    used 3019K, capacity 3713K, committed 3840K, reserved 1048576K
}
Event: 4.698 GC heap after
{Heap after GC invocations=13 (full 1):
 PSYoungGen      total 24576K, used 2528K [0x00000000eab00000, 0x00000000ec680000, 0x0000000100000000)
  eden space 22016K, 0% used [0x00000000eab00000,0x00000000eab00000,0x00000000ec080000)
  from space 2560K, 98% used [0x00000000ec400000,0x00000000ec678010,0x00000000ec680000)
  to   space 3072K, 0% used [0x00000000ec080000,0x00000000ec080000,0x00000000ec380000)
 ParOldGen       total 68608K, used 19087K [0x00000000c0000000, 0x00000000c4300000, 0x00000000eab00000)
  object space 68608K, 27% used [0x00000000c0000000,0x00000000c12a3ec8,0x00000000c4300000)
 Metaspace       used 31294K, capacity 33204K, committed 33536K, reserved 1079296K
  class space    used 3019K, capacity 3713K, committed 3840K, reserved 1048576K
}
Event: 4.756 GC heap before
{Heap before GC invocations=14 (full 1):
 PSYoungGen      total 24576K, used 24544K [0x00000000eab00000, 0x00000000ec680000, 0x0000000100000000)
  eden space 22016K, 100% used [0x00000000eab00000,0x00000000ec080000,0x00000000ec080000)
  from space 2560K, 98% used [0x00000000ec400000,0x00000000ec678010,0x00000000ec680000)
  to   space 3072K, 0% used [0x00000000ec080000,0x00000000ec080000,0x00000000ec380000)
 ParOldGen       total 68608K, used 19087K [0x00000000c0000000, 0x00000000c4300000, 0x00000000eab00000)
  object space 68608K, 27% used [0x00000000c0000000,0x00000000c12a3ec8,0x00000000c4300000)
 Metaspace       used 31383K, capacity 33341K, committed 33536K, reserved 1079296K
  class space    used 3030K, capacity 3780K, committed 3840K, reserved 1048576K
}
Event: 4.760 GC heap after
{Heap after GC invocations=14 (full 1):
 PSYoungGen      total 25088K, used 2784K [0x00000000eab00000, 0x00000000ec680000, 0x0000000100000000)
  eden space 22016K, 0% used [0x00000000eab00000,0x00000000eab00000,0x00000000ec080000)
  from space 3072K, 90% used [0x00000000ec080000,0x00000000ec338000,0x00000000ec380000)
  to   space 3072K, 0% used [0x00000000ec380000,0x00000000ec380000,0x00000000ec680000)
 ParOldGen       total 68608K, used 21597K [0x00000000c0000000, 0x00000000c4300000, 0x00000000eab00000)
  object space 68608K, 31% used [0x00000000c0000000,0x00000000c1517758,0x00000000c4300000)
 Metaspace       used 31383K, capacity 33341K, committed 33536K, reserved 1079296K
  class space    used 3030K, capacity 3780K, committed 3840K, reserved 1048576K
}
Event: 4.928 GC heap before
{Heap before GC invocations=15 (full 1):
 PSYoungGen      total 25088K, used 24800K [0x00000000eab00000, 0x00000000ec680000, 0x0000000100000000)
  eden space 22016K, 100% used [0x00000000eab00000,0x00000000ec080000,0x00000000ec080000)
  from space 3072K, 90% used [0x00000000ec080000,0x00000000ec338000,0x00000000ec380000)
  to   space 3072K, 0% used [0x00000000ec380000,0x00000000ec380000,0x00000000ec680000)
 ParOldGen       total 68608K, used 21597K [0x00000000c0000000, 0x00000000c4300000, 0x00000000eab00000)
  object space 68608K, 31% used [0x00000000c0000000,0x00000000c1517758,0x00000000c4300000)
 Metaspace       used 33131K, capacity 35056K, committed 35200K, reserved 1081344K
  class space    used 3158K, capacity 3882K, committed 3968K, reserved 1048576K
}
Event: 4.932 GC heap after
{Heap after GC invocations=15 (full 1):
 PSYoungGen      total 23040K, used 963K [0x00000000eab00000, 0x00000000ec480000, 0x0000000100000000)
  eden space 22016K, 0% used [0x00000000eab00000,0x00000000eab00000,0x00000000ec080000)
  from space 1024K, 94% used [0x00000000ec380000,0x00000000ec470e58,0x00000000ec480000)
  to   space 2048K, 0% used [0x00000000ec080000,0x00000000ec080000,0x00000000ec280000)
 ParOldGen       total 68608K, used 24370K [0x00000000c0000000, 0x00000000c4300000, 0x00000000eab00000)
  object space 68608K, 35% used [0x00000000c0000000,0x00000000c17ccab0,0x00000000c4300000)
 Metaspace       used 33131K, capacity 35056K, committed 35200K, reserved 1081344K
  class space    used 3158K, capacity 3882K, committed 3968K, reserved 1048576K
}
Event: 4.943 GC heap before
{Heap before GC invocations=16 (full 1):
 PSYoungGen      total 23040K, used 1617K [0x00000000eab00000, 0x00000000ec480000, 0x0000000100000000)
  eden space 22016K, 2% used [0x00000000eab00000,0x00000000eaba3650,0x00000000ec080000)
  from space 1024K, 94% used [0x00000000ec380000,0x00000000ec470e58,0x00000000ec480000)
  to   space 2048K, 0% used [0x00000000ec080000,0x00000000ec080000,0x00000000ec280000)
 ParOldGen       total 68608K, used 24370K [0x00000000c0000000, 0x00000000c4300000, 0x00000000eab00000)
  object space 68608K, 35% used [0x00000000c0000000,0x00000000c17ccab0,0x00000000c4300000)
 Metaspace       used 33348K, capacity 35248K, committed 35416K, reserved 1081344K
  class space    used 3166K, capacity 3882K, committed 3968K, reserved 1048576K
}
Event: 4.944 GC heap after
{Heap after GC invocations=16 (full 1):
 PSYoungGen      total 24064K, used 128K [0x00000000eab00000, 0x00000000ec400000, 0x0000000100000000)
  eden space 22016K, 0% used [0x00000000eab00000,0x00000000eab00000,0x00000000ec080000)
  from space 2048K, 6% used [0x00000000ec080000,0x00000000ec0a0000,0x00000000ec280000)
  to   space 1024K, 0% used [0x00000000ec300000,0x00000000ec300000,0x00000000ec400000)
 ParOldGen       total 68608K, used 25254K [0x00000000c0000000, 0x00000000c4300000, 0x00000000eab00000)
  object space 68608K, 36% used [0x00000000c0000000,0x00000000c18a9940,0x00000000c4300000)
 Metaspace       used 33348K, capacity 35248K, committed 35416K, reserved 1081344K
  class space    used 3166K, capacity 3882K, committed 3968K, reserved 1048576K
}
Event: 4.945 GC heap before
{Heap before GC invocations=17 (full 2):
 PSYoungGen      total 24064K, used 128K [0x00000000eab00000, 0x00000000ec400000, 0x0000000100000000)
  eden space 22016K, 0% used [0x00000000eab00000,0x00000000eab00000,0x00000000ec080000)
  from space 2048K, 6% used [0x00000000ec080000,0x00000000ec0a0000,0x00000000ec280000)
  to   space 1024K, 0% used [0x00000000ec300000,0x00000000ec300000,0x00000000ec400000)
 ParOldGen       total 68608K, used 25254K [0x00000000c0000000, 0x00000000c4300000, 0x00000000eab00000)
  object space 68608K, 36% used [0x00000000c0000000,0x00000000c18a9940,0x00000000c4300000)
 Metaspace       used 33348K, capacity 35248K, committed 35416K, reserved 1081344K
  class space    used 3166K, capacity 3882K, committed 3968K, reserved 1048576K
}
Event: 5.100 GC heap after
{Heap after GC invocations=17 (full 2):
 PSYoungGen      total 24064K, used 0K [0x00000000eab00000, 0x00000000ec400000, 0x0000000100000000)
  eden space 22016K, 0% used [0x00000000eab00000,0x00000000eab00000,0x00000000ec080000)
  from space 2048K, 0% used [0x00000000ec080000,0x00000000ec080000,0x00000000ec280000)
  to   space 1024K, 0% used [0x00000000ec300000,0x00000000ec300000,0x00000000ec400000)
 ParOldGen       total 68608K, used 24649K [0x00000000c0000000, 0x00000000c4300000, 0x00000000eab00000)
  object space 68608K, 35% used [0x00000000c0000000,0x00000000c18126e0,0x00000000c4300000)
 Metaspace       used 33348K, capacity 35248K, committed 35416K, reserved 1081344K
  class space    used 3166K, capacity 3882K, committed 3968K, reserved 1048576K
}

