# JRE version: OpenJDK Runtime Environment Temurin-11.0.12+7 (11.0.12+7) (build 11.0.12+7)
# Java VM: OpenJDK 64-Bit Server VM Temurin-11.0.12+7 (11.0.12+7, mixed mode, tiered, compressed oops, parallel gc, windows-amd64)
Heap:
 PSYoungGen      total 24064K, used 9K [0x00000000eab00000, 0x00000000ec480000, 0x0000000100000000)
  eden space 22016K, 0% used [0x00000000eab00000,0x00000000eab02760,0x00000000ec080000)
  from space 2048K, 0% used [0x00000000ec100000,0x00000000ec100000,0x00000000ec300000)
  to   space 512K, 0% used [0x00000000ec400000,0x00000000ec400000,0x00000000ec480000)
 ParOldGen       total 68608K, used 24706K [0x00000000c0000000, 0x00000000c4300000, 0x00000000eab00000)
  object space 68608K, 36% used [0x00000000c0000000,0x00000000c1820aa0,0x00000000c4300000)
 Metaspace       used 33354K, capacity 35312K, committed 35672K, reserved 1081344K
  class space    used 3173K, capacity 3882K, committed 3968K, reserved 1048576K
GC Heap History (20 events):
Event: 4.929 GC heap before
{Heap before GC invocations=8 (full 1):
 PSYoungGen      total 26624K, used 26606K [0x00000000eab00000, 0x00000000eca00000, 0x0000000100000000)
  eden space 24064K, 100% used [0x00000000eab00000,0x00000000ec280000,0x00000000ec280000)
  from space 2560K, 99% used [0x00000000ec600000,0x00000000ec87b978,0x00000000ec880000)
  to   space 3584K, 0% used [0x00000000ec280000,0x00000000ec280000,0x00000000ec600000)
 ParOldGen       total 68608K, used 6351K [0x00000000c0000000, 0x00000000c4300000, 0x00000000eab00000)
  object space 68608K, 9% used [0x00000000c0000000,0x00000000c0633e38,0x00000000c4300000)
 Metaspace       used 30612K, capacity 32566K, committed 32640K, reserved 1079296K
  class space    used 2944K, capacity 3671K, committed 3712K, reserved 1048576K
}
Event: 4.938 GC heap after
{Heap after GC invocations=8 (full 1):
 PSYoungGen      total 27136K, used 3569K [0x00000000eab00000, 0x00000000ecb00000, 0x0000000100000000)
  eden space 23552K, 0% used [0x00000000eab00000,0x00000000eab00000,0x00000000ec200000)
  from space 3584K, 99% used [0x00000000ec280000,0x00000000ec5fc428,0x00000000ec600000)
  to   space 4608K, 0% used [0x00000000ec680000,0x00000000ec680000,0x00000000ecb00000)
 ParOldGen       total 68608K, used 6959K [0x00000000c0000000, 0x00000000c4300000, 0x00000000eab00000)
  object space 68608K, 10% used [0x00000000c0000000,0x00000000c06cbe38,0x00000000c4300000)
 Metaspace       used 30612K, capacity 32566K, committed 32640K, reserved 1079296K
  class space    used 2944K, capacity 3671K, committed 3712K, reserved 1048576K
}
Event: 5.082 GC heap before
{Heap before GC invocations=9 (full 1):
 PSYoungGen      total 27136K, used 27121K [0x00000000eab00000, 0x00000000ecb00000, 0x0000000100000000)
  eden space 23552K, 100% used [0x00000000eab00000,0x00000000ec200000,0x00000000ec200000)
  from space 3584K, 99% used [0x00000000ec280000,0x00000000ec5fc428,0x00000000ec600000)
  to   space 4608K, 0% used [0x00000000ec680000,0x00000000ec680000,0x00000000ecb00000)
 ParOldGen       total 68608K, used 6959K [0x00000000c0000000, 0x00000000c4300000, 0x00000000eab00000)
  object space 68608K, 10% used [0x00000000c0000000,0x00000000c06cbe38,0x00000000c4300000)
 Metaspace       used 31083K, capacity 33012K, committed 33280K, reserved 1079296K
  class space    used 3007K, capacity 3713K, committed 3840K, reserved 1048576K
}
Event: 5.093 GC heap after
{Heap after GC invocations=9 (full 1):
 PSYoungGen      total 26624K, used 4585K [0x00000000eab00000, 0x00000000ecd80000, 0x0000000100000000)
  eden space 22016K, 0% used [0x00000000eab00000,0x00000000eab00000,0x00000000ec080000)
  from space 4608K, 99% used [0x00000000ec680000,0x00000000ecafa480,0x00000000ecb00000)
  to   space 6144K, 0% used [0x00000000ec080000,0x00000000ec080000,0x00000000ec680000)
 ParOldGen       total 68608K, used 7990K [0x00000000c0000000, 0x00000000c4300000, 0x00000000eab00000)
  object space 68608K, 11% used [0x00000000c0000000,0x00000000c07cdac8,0x00000000c4300000)
 Metaspace       used 31083K, capacity 33012K, committed 33280K, reserved 1079296K
  class space    used 3007K, capacity 3713K, committed 3840K, reserved 1048576K
}
Event: 5.155 GC heap before
{Heap before GC invocations=10 (full 1):
 PSYoungGen      total 26624K, used 26601K [0x00000000eab00000, 0x00000000ecd80000, 0x0000000100000000)
  eden space 22016K, 100% used [0x00000000eab00000,0x00000000ec080000,0x00000000ec080000)
  from space 4608K, 99% used [0x00000000ec680000,0x00000000ecafa480,0x00000000ecb00000)
  to   space 6144K, 0% used [0x00000000ec080000,0x00000000ec080000,0x00000000ec680000)
 ParOldGen       total 68608K, used 7990K [0x00000000c0000000, 0x00000000c4300000, 0x00000000eab00000)
  object space 68608K, 11% used [0x00000000c0000000,0x00000000c07cdac8,0x00000000c4300000)
 Metaspace       used 31115K, capacity 33012K, committed 33280K, reserved 1079296K
  class space    used 3007K, capacity 3713K, committed 3840K, reserved 1048576K
}
Event: 5.160 GC heap after
{Heap after GC invocations=10 (full 1):
 PSYoungGen      total 27136K, used 4880K [0x00000000eab00000, 0x00000000ecb80000, 0x0000000100000000)
  eden space 22016K, 0% used [0x00000000eab00000,0x00000000eab00000,0x00000000ec080000)
  from space 5120K, 95% used [0x00000000ec080000,0x00000000ec544030,0x00000000ec580000)
  to   space 5632K, 0% used [0x00000000ec600000,0x00000000ec600000,0x00000000ecb80000)
 ParOldGen       total 68608K, used 9649K [0x00000000c0000000, 0x00000000c4300000, 0x00000000eab00000)
  object space 68608K, 14% used [0x00000000c0000000,0x00000000c096c668,0x00000000c4300000)
 Metaspace       used 31115K, capacity 33012K, committed 33280K, reserved 1079296K
  class space    used 3007K, capacity 3713K, committed 3840K, reserved 1048576K
}
Event: 5.235 GC heap before
{Heap before GC invocations=11 (full 1):
 PSYoungGen      total 27136K, used 26896K [0x00000000eab00000, 0x00000000ecb80000, 0x0000000100000000)
  eden space 22016K, 100% used [0x00000000eab00000,0x00000000ec080000,0x00000000ec080000)
  from space 5120K, 95% used [0x00000000ec080000,0x00000000ec544030,0x00000000ec580000)
  to   space 5632K, 0% used [0x00000000ec600000,0x00000000ec600000,0x00000000ecb80000)
 ParOldGen       total 68608K, used 9649K [0x00000000c0000000, 0x00000000c4300000, 0x00000000eab00000)
  object space 68608K, 14% used [0x00000000c0000000,0x00000000c096c668,0x00000000c4300000)
 Metaspace       used 31309K, capacity 33268K, committed 33536K, reserved 1079296K
  class space    used 3020K, capacity 3713K, committed 3840K, reserved 1048576K
}
Event: 5.241 GC heap after
{Heap after GC invocations=11 (full 1):
 PSYoungGen      total 26624K, used 4576K [0x00000000eab00000, 0x00000000eca80000, 0x0000000100000000)
  eden space 22016K, 0% used [0x00000000eab00000,0x00000000eab00000,0x00000000ec080000)
  from space 4608K, 99% used [0x00000000ec600000,0x00000000eca78020,0x00000000eca80000)
  to   space 5120K, 0% used [0x00000000ec080000,0x00000000ec080000,0x00000000ec580000)
 ParOldGen       total 68608K, used 12522K [0x00000000c0000000, 0x00000000c4300000, 0x00000000eab00000)
  object space 68608K, 18% used [0x00000000c0000000,0x00000000c0c3aac8,0x00000000c4300000)
 Metaspace       used 31309K, capacity 33268K, committed 33536K, reserved 1079296K
  class space    used 3020K, capacity 3713K, committed 3840K, reserved 1048576K
}
Event: 5.283 GC heap before
{Heap before GC invocations=12 (full 1):
 PSYoungGen      total 26624K, used 26592K [0x00000000eab00000, 0x00000000eca80000, 0x0000000100000000)
  eden space 22016K, 100% used [0x00000000eab00000,0x00000000ec080000,0x00000000ec080000)
  from space 4608K, 99% used [0x00000000ec600000,0x00000000eca78020,0x00000000eca80000)
  to   space 5120K, 0% used [0x00000000ec080000,0x00000000ec080000,0x00000000ec580000)
 ParOldGen       total 68608K, used 12522K [0x00000000c0000000, 0x00000000c4300000, 0x00000000eab00000)
  object space 68608K, 18% used [0x00000000c0000000,0x00000000c0c3aac8,0x00000000c4300000)
 Metaspace       used 31309K, capacity 33268K, committed 33536K, reserved 1079296K
  class space    used 3020K, capacity 3713K, committed 3840K, reserved 1048576K
}
Event: 5.290 GC heap after
{Heap after GC invocations=12 (full 1):
 PSYoungGen      total 24576K, used 2240K [0x00000000eab00000, 0x00000000ec780000, 0x0000000100000000)
  eden space 22016K, 0% used [0x00000000eab00000,0x00000000eab00000,0x00000000ec080000)
  from space 2560K, 87% used [0x00000000ec080000,0x00000000ec2b0000,0x00000000ec300000)
  to   space 3584K, 0% used [0x00000000ec400000,0x00000000ec400000,0x00000000ec780000)
 ParOldGen       total 68608K, used 17000K [0x00000000c0000000, 0x00000000c4300000, 0x00000000eab00000)
  object space 68608K, 24% used [0x00000000c0000000,0x00000000c109a3c8,0x00000000c4300000)
 Metaspace       used 31309K, capacity 33268K, committed 33536K, reserved 1079296K
  class space    used 3020K, capacity 3713K, committed 3840K, reserved 1048576K
}
Event: 5.342 GC heap before
{Heap before GC invocations=13 (full 1):
 PSYoungGen      total 24576K, used 24256K [0x00000000eab00000, 0x00000000ec780000, 0x0000000100000000)
  eden space 22016K, 100% used [0x00000000eab00000,0x00000000ec080000,0x00000000ec080000)
  from space 2560K, 87% used [0x00000000ec080000,0x00000000ec2b0000,0x00000000ec300000)
  to   space 3584K, 0% used [0x00000000ec400000,0x00000000ec400000,0x00000000ec780000)
 ParOldGen       total 68608K, used 17000K [0x00000000c0000000, 0x00000000c4300000, 0x00000000eab00000)
  object space 68608K, 24% used [0x00000000c0000000,0x00000000c109a3c8,0x00000000c4300000)
 Metaspace       used 31309K, capacity 33268K, committed 33536K, reserved 1079296K
  class space    used 3020K, capacity 3713K, committed 3840K, reserved 1048576K
}
Event: 5.347 GC heap after
{Heap after GC invocations=13 (full 1):
 PSYoungGen      total 25088K, used 2592K [0x00000000eab00000, 0x00000000ec700000, 0x0000000100000000)
  eden space 22016K, 0% used [0x00000000eab00000,0x00000000eab00000,0x00000000ec080000)
  from space 3072K, 84% used [0x00000000ec400000,0x00000000ec688010,0x00000000ec700000)
  to   space 3072K, 0% used [0x00000000ec100000,0x00000000ec100000,0x00000000ec400000)
 ParOldGen       total 68608K, used 19152K [0x00000000c0000000, 0x00000000c4300000, 0x00000000eab00000)
  object space 68608K, 27% used [0x00000000c0000000,0x00000000c12b43c8,0x00000000c4300000)
 Metaspace       used 31309K, capacity 33268K, committed 33536K, reserved 1079296K
  class space    used 3020K, capacity 3713K, committed 3840K, reserved 1048576K
}
Event: 5.453 GC heap before
{Heap before GC invocations=14 (full 1):
 PSYoungGen      total 25088K, used 24608K [0x00000000eab00000, 0x00000000ec700000, 0x0000000100000000)
  eden space 22016K, 100% used [0x00000000eab00000,0x00000000ec080000,0x00000000ec080000)
  from space 3072K, 84% used [0x00000000ec400000,0x00000000ec688010,0x00000000ec700000)
  to   space 3072K, 0% used [0x00000000ec100000,0x00000000ec100000,0x00000000ec400000)
 ParOldGen       total 68608K, used 19152K [0x00000000c0000000, 0x00000000c4300000, 0x00000000eab00000)
  object space 68608K, 27% used [0x00000000c0000000,0x00000000c12b43c8,0x00000000c4300000)
 Metaspace       used 31504K, capacity 33544K, committed 33792K, reserved 1079296K
  class space    used 3037K, capacity 3783K, committed 3840K, reserved 1048576K
}
Event: 5.460 GC heap after
{Heap after GC invocations=14 (full 1):
 PSYoungGen      total 25088K, used 3012K [0x00000000eab00000, 0x00000000ec780000, 0x0000000100000000)
  eden space 22016K, 0% used [0x00000000eab00000,0x00000000eab00000,0x00000000ec080000)
  from space 3072K, 98% used [0x00000000ec100000,0x00000000ec3f13d0,0x00000000ec400000)
  to   space 3584K, 0% used [0x00000000ec400000,0x00000000ec400000,0x00000000ec780000)
 ParOldGen       total 68608K, used 21703K [0x00000000c0000000, 0x00000000c4300000, 0x00000000eab00000)
  object space 68608K, 31% used [0x00000000c0000000,0x00000000c1531c58,0x00000000c4300000)
 Metaspace       used 31504K, capacity 33544K, committed 33792K, reserved 1079296K
  class space    used 3037K, capacity 3783K, committed 3840K, reserved 1048576K
}
Event: 5.676 GC heap before
{Heap before GC invocations=15 (full 1):
 PSYoungGen      total 25088K, used 25009K [0x00000000eab00000, 0x00000000ec780000, 0x0000000100000000)
  eden space 22016K, 99% used [0x00000000eab00000,0x00000000ec07b278,0x00000000ec080000)
  from space 3072K, 98% used [0x00000000ec100000,0x00000000ec3f13d0,0x00000000ec400000)
  to   space 3584K, 0% used [0x00000000ec400000,0x00000000ec400000,0x00000000ec780000)
 ParOldGen       total 68608K, used 21703K [0x00000000c0000000, 0x00000000c4300000, 0x00000000eab00000)
  object space 68608K, 31% used [0x00000000c0000000,0x00000000c1531c58,0x00000000c4300000)
 Metaspace       used 33281K, capacity 35248K, committed 35416K, reserved 1081344K
  class space    used 3170K, capacity 3882K, committed 3968K, reserved 1048576K
}
Event: 5.684 GC heap after
{Heap after GC invocations=15 (full 1):
 PSYoungGen      total 23040K, used 756K [0x00000000eab00000, 0x00000000ec500000, 0x0000000100000000)
  eden space 22016K, 0% used [0x00000000eab00000,0x00000000eab00000,0x00000000ec080000)
  from space 1024K, 73% used [0x00000000ec400000,0x00000000ec4bd2f0,0x00000000ec500000)
  to   space 2048K, 0% used [0x00000000ec100000,0x00000000ec100000,0x00000000ec300000)
 ParOldGen       total 68608K, used 24640K [0x00000000c0000000, 0x00000000c4300000, 0x00000000eab00000)
  object space 68608K, 35% used [0x00000000c0000000,0x00000000c1810380,0x00000000c4300000)
 Metaspace       used 33281K, capacity 35248K, committed 35416K, reserved 1081344K
  class space    used 3170K, capacity 3882K, committed 3968K, reserved 1048576K
}
Event: 5.688 GC heap before
{Heap before GC invocations=16 (full 1):
 PSYoungGen      total 23040K, used 982K [0x00000000eab00000, 0x00000000ec500000, 0x0000000100000000)
  eden space 22016K, 1% used [0x00000000eab00000,0x00000000eab38828,0x00000000ec080000)
  from space 1024K, 73% used [0x00000000ec400000,0x00000000ec4bd2f0,0x00000000ec500000)
  to   space 2048K, 0% used [0x00000000ec100000,0x00000000ec100000,0x00000000ec300000)
 ParOldGen       total 68608K, used 24640K [0x00000000c0000000, 0x00000000c4300000, 0x00000000eab00000)
  object space 68608K, 35% used [0x00000000c0000000,0x00000000c1810380,0x00000000c4300000)
 Metaspace       used 33334K, capacity 35248K, committed 35416K, reserved 1081344K
  class space    used 3173K, capacity 3882K, committed 3968K, reserved 1048576K
}
Event: 5.690 GC heap after
{Heap after GC invocations=16 (full 1):
 PSYoungGen      total 24064K, used 64K [0x00000000eab00000, 0x00000000ec480000, 0x0000000100000000)
  eden space 22016K, 0% used [0x00000000eab00000,0x00000000eab00000,0x00000000ec080000)
  from space 2048K, 3% used [0x00000000ec100000,0x00000000ec110000,0x00000000ec300000)
  to   space 512K, 0% used [0x00000000ec400000,0x00000000ec400000,0x00000000ec480000)
 ParOldGen       total 68608K, used 25309K [0x00000000c0000000, 0x00000000c4300000, 0x00000000eab00000)
  object space 68608K, 36% used [0x00000000c0000000,0x00000000c18b7410,0x00000000c4300000)
 Metaspace       used 33334K, capacity 35248K, committed 35416K, reserved 1081344K
  class space    used 3173K, capacity 3882K, committed 3968K, reserved 1048576K
}
Event: 5.690 GC heap before
{Heap before GC invocations=17 (full 2):
 PSYoungGen      total 24064K, used 64K [0x00000000eab00000, 0x00000000ec480000, 0x0000000100000000)
  eden space 22016K, 0% used [0x00000000eab00000,0x00000000eab00000,0x00000000ec080000)
  from space 2048K, 3% used [0x00000000ec100000,0x00000000ec110000,0x00000000ec300000)
  to   space 512K, 0% used [0x00000000ec400000,0x00000000ec400000,0x00000000ec480000)
 ParOldGen       total 68608K, used 25309K [0x00000000c0000000, 0x00000000c4300000, 0x00000000eab00000)
  object space 68608K, 36% used [0x00000000c0000000,0x00000000c18b7410,0x00000000c4300000)
 Metaspace       used 33334K, capacity 35248K, committed 35416K, reserved 1081344K
  class space    used 3173K, capacity 3882K, committed 3968K, reserved 1048576K
}
Event: 5.887 GC heap after
{Heap after GC invocations=17 (full 2):
 PSYoungGen      total 24064K, used 0K [0x00000000eab00000, 0x00000000ec480000, 0x0000000100000000)
  eden space 22016K, 0% used [0x00000000eab00000,0x00000000eab00000,0x00000000ec080000)
  from space 2048K, 0% used [0x00000000ec100000,0x00000000ec100000,0x00000000ec300000)
  to   space 512K, 0% used [0x00000000ec400000,0x00000000ec400000,0x00000000ec480000)
 ParOldGen       total 68608K, used 24706K [0x00000000c0000000, 0x00000000c4300000, 0x00000000eab00000)
  object space 68608K, 36% used [0x00000000c0000000,0x00000000c1820aa0,0x00000000c4300000)
 Metaspace       used 33334K, capacity 35248K, committed 35416K, reserved 1081344K
  class space    used 3173K, capacity 3882K, committed 3968K, reserved 1048576K
}

